<?xml version="1.0" encoding="UTF-8" ?>
<testsuites>
 <testsuite name="account" timestamp="2017-09-08T10:46:00" hostname="localhost" time="17.298" errors="0" tests="4" skipped="0" disabled="0" failures="0">
  <testcase classname="account" name="should fail to login with bad password" time="1.065" />
  <testcase classname="account" name="should login successfully with admin account" time="1.718" />
  <testcase classname="account" name="should be able to update settings" time="1.156" />
  <testcase classname="account" name="should be able to update password" time="3.369" />
 </testsuite>
</testsuites>