<?xml version="1.0" encoding="UTF-8" ?>
<testsuites>
 <testsuite name="API REST calls e2e test" timestamp="2017-09-01T15:27:31" hostname="localhost" time="8.557" errors="0" tests="3" skipped="0" disabled="0" failures="0">
  <testcase classname="API REST calls e2e test" name="should load API REST calls" time="0.253" />
  <testcase classname="API REST calls e2e test" name="should send a GET request for an array" time="1.291" />
  <testcase classname="API REST calls e2e test" name="should send a GET request for a single JSON" time="1.211" />
 </testsuite>
</testsuites>