<?xml version="1.0" encoding="UTF-8" ?>
<testsuites>
 <testsuite name="administration" timestamp="2017-09-01T12:16:40" hostname="localhost" time="13.409" errors="0" tests="6" skipped="0" disabled="0" failures="0">
  <testcase classname="administration" name="should load user management" time="0.648" />
  <testcase classname="administration" name="should load metrics" time="0.765" />
  <testcase classname="administration" name="should load health" time="0.858" />
  <testcase classname="administration" name="should load configuration" time="1.032" />
  <testcase classname="administration" name="should load audits" time="2.302" />
  <testcase classname="administration" name="should load logs" time="2.219" />
 </testsuite>
</testsuites>