<?xml version="1.0" encoding="UTF-8" ?>
<testsuites>
 <testsuite name="Acme e2e test" timestamp="2017-09-06T11:56:30" hostname="localhost" time="9.078" errors="0" tests="2" skipped="0" disabled="0" failures="0">
  <testcase classname="Acme e2e test" name="should load Acmes" time="0.814" />
  <testcase classname="Acme e2e test" name="should load create Acme dialog" time="0.843" />
 </testsuite>
</testsuites>