<?xml version="1.0" encoding="UTF-8" ?>
<testsuites>
 <testsuite name="Acme e2e test" timestamp="2017-09-01T12:16:53" hostname="localhost" time="6.641" errors="0" tests="2" skipped="0" disabled="0" failures="0">
  <testcase classname="Acme e2e test" name="should load Acmes" time="0.396" />
  <testcase classname="Acme e2e test" name="should load create Acme dialog" time="0.772" />
 </testsuite>
</testsuites>