<?xml version="1.0" encoding="UTF-8" ?>
<testsuites>
 <testsuite name="API REST calls e2e test" timestamp="2017-09-02T09:12:56" hostname="localhost" time="33.933" errors="0" tests="3" skipped="0" disabled="0" failures="0">
  <testcase classname="API REST calls e2e test" name="should load API REST calls" time="0.894" />
  <testcase classname="API REST calls e2e test" name="should send a GET request for an array" time="6.158" />
  <testcase classname="API REST calls e2e test" name="should send a GET request for a single JSON" time="6.457" />
 </testsuite>
</testsuites>