<?xml version="1.0" encoding="UTF-8" ?>
<testsuites>
 <testsuite name="Acme e2e test" timestamp="2017-09-08T10:46:31" hostname="localhost" time="10.778" errors="0" tests="2" skipped="0" disabled="0" failures="0">
  <testcase classname="Acme e2e test" name="should load Acmes" time="0.566" />
  <testcase classname="Acme e2e test" name="should load create Acme dialog" time="1.088" />
 </testsuite>
</testsuites>