<?xml version="1.0" encoding="UTF-8" ?>
<testsuites>
 <testsuite name="account" timestamp="2017-09-01T15:26:57" hostname="localhost" time="14.243" errors="0" tests="4" skipped="0" disabled="0" failures="0">
  <testcase classname="account" name="should fail to login with bad password" time="0.734" />
  <testcase classname="account" name="should login successfully with admin account" time="1.284" />
  <testcase classname="account" name="should be able to update settings" time="0.998" />
  <testcase classname="account" name="should be able to update password" time="4.053" />
 </testsuite>
</testsuites>