<?xml version="1.0" encoding="UTF-8" ?>
<testsuites>
 <testsuite name="API REST calls e2e test" timestamp="2017-09-01T12:17:00" hostname="localhost" time="7.641" errors="0" tests="2" skipped="0" disabled="0" failures="0">
  <testcase classname="API REST calls e2e test" name="should load API REST calls" time="0.328" />
  <testcase classname="API REST calls e2e test" name="should load a GET request" time="1.505" />
 </testsuite>
</testsuites>