<?xml version="1.0" encoding="UTF-8" ?>
<testsuites>
 <testsuite name="Acme e2e test" timestamp="2017-09-01T15:27:25" hostname="localhost" time="6.567" errors="0" tests="2" skipped="0" disabled="0" failures="0">
  <testcase classname="Acme e2e test" name="should load Acmes" time="0.584" />
  <testcase classname="Acme e2e test" name="should load create Acme dialog" time="0.823" />
 </testsuite>
</testsuites>