<?xml version="1.0" encoding="UTF-8" ?>
<testsuites>
 <testsuite name="Acme e2e test" timestamp="2017-08-30T21:50:13" hostname="localhost" time="3.948" errors="0" tests="2" skipped="0" disabled="0" failures="0">
  <testcase classname="Acme e2e test" name="should load Acmes" time="0.254" />
  <testcase classname="Acme e2e test" name="should load create Acme dialog" time="0.517" />
 </testsuite>
</testsuites>