<?xml version="1.0" encoding="UTF-8" ?>
<testsuites>
 <testsuite name="administration" timestamp="2017-08-30T21:50:06" hostname="localhost" time="6.491" errors="0" tests="6" skipped="0" disabled="0" failures="0">
  <testcase classname="administration" name="should load user management" time="0.237" />
  <testcase classname="administration" name="should load metrics" time="0.456" />
  <testcase classname="administration" name="should load health" time="0.495" />
  <testcase classname="administration" name="should load configuration" time="0.587" />
  <testcase classname="administration" name="should load audits" time="0.529" />
  <testcase classname="administration" name="should load logs" time="1.051" />
 </testsuite>
</testsuites>