<?xml version="1.0" encoding="UTF-8" ?>
<testsuites>
 <testsuite name="administration" timestamp="2017-09-08T10:46:18" hostname="localhost" time="13.84" errors="0" tests="6" skipped="0" disabled="0" failures="0">
  <testcase classname="administration" name="should load user management" time="0.797" />
  <testcase classname="administration" name="should load metrics" time="0.814" />
  <testcase classname="administration" name="should load health" time="0.647" />
  <testcase classname="administration" name="should load configuration" time="1.224" />
  <testcase classname="administration" name="should load audits" time="0.912" />
  <testcase classname="administration" name="should load logs" time="2.888" />
 </testsuite>
</testsuites>