<?xml version="1.0" encoding="UTF-8" ?>
<testsuites>
 <testsuite name="account" timestamp="2017-09-01T12:16:28" hostname="localhost" time="12.357" errors="0" tests="4" skipped="0" disabled="0" failures="0">
  <testcase classname="account" name="should fail to login with bad password" time="1.049" />
  <testcase classname="account" name="should login successfully with admin account" time="1.027" />
  <testcase classname="account" name="should be able to update settings" time="0.946" />
  <testcase classname="account" name="should be able to update password" time="3.333" />
 </testsuite>
</testsuites>